mode: set
github.com/alekslesik/gin-app/main.go:30.57,32.2 1 0
github.com/alekslesik/gin-app/main.go:42.46,51.34 8 1
github.com/alekslesik/gin-app/main.go:51.34,53.3 1 0
github.com/alekslesik/gin-app/main.go:57.51,58.32 1 1
github.com/alekslesik/gin-app/main.go:58.32,60.3 1 1
github.com/alekslesik/gin-app/main.go:63.39,65.16 2 1
github.com/alekslesik/gin-app/main.go:65.16,67.3 1 0
github.com/alekslesik/gin-app/main.go:69.2,69.12 1 1
github.com/alekslesik/gin-app/main.go:72.13,75.16 2 0
github.com/alekslesik/gin-app/main.go:75.16,77.3 1 0
github.com/alekslesik/gin-app/main.go:80.2,81.16 2 0
github.com/alekslesik/gin-app/main.go:81.16,83.3 1 0
github.com/alekslesik/gin-app/main.go:85.2,88.16 4 0
github.com/alekslesik/gin-app/main.go:88.16,90.3 1 0
github.com/alekslesik/gin-app/main.go:93.37,99.16 4 1
github.com/alekslesik/gin-app/main.go:99.16,102.3 2 0
github.com/alekslesik/gin-app/main.go:104.2,106.66 2 1
github.com/alekslesik/gin-app/main.go:106.66,109.3 2 0
github.com/alekslesik/gin-app/main.go:111.2,114.20 3 1
github.com/alekslesik/gin-app/main.go:114.20,116.3 1 1
github.com/alekslesik/gin-app/main.go:118.2,118.34 1 1
github.com/alekslesik/gin-app/main.go:118.34,121.3 2 0
github.com/alekslesik/gin-app/main.go:123.2,127.81 3 1
github.com/alekslesik/gin-app/main.go:127.81,130.3 2 0
github.com/alekslesik/gin-app/main.go:132.2,134.14 2 1
github.com/alekslesik/gin-app/main.go:134.14,136.3 1 0
github.com/alekslesik/gin-app/main.go:138.2,138.22 1 1
github.com/alekslesik/gin-app/main.go:138.22,140.3 1 0
github.com/alekslesik/gin-app/main.go:142.2,144.33 2 1
github.com/alekslesik/gin-app/main.go:144.33,146.3 1 1
github.com/alekslesik/gin-app/main.go:148.2,155.4 1 1
github.com/alekslesik/gin-app/main.go:158.35,160.2 1 1
github.com/alekslesik/gin-app/main.go:162.36,165.45 2 1
github.com/alekslesik/gin-app/main.go:165.45,168.30 3 1
github.com/alekslesik/gin-app/main.go:168.30,170.4 1 1
github.com/alekslesik/gin-app/main.go:172.3,173.9 2 1
github.com/alekslesik/gin-app/main.go:176.2,177.46 2 1
github.com/alekslesik/gin-app/main.go:177.46,180.3 2 1
github.com/alekslesik/gin-app/main.go:182.2,182.43 1 1
